[debug] [2026-04-25T05:35:56.533Z] ----------------------------------------------------------------------
[debug] [2026-04-25T05:35:56.537Z] Command:       C:\Program Files\nodejs\node.exe C:\Users\AGRAJIT\AppData\Roaming\npm\node_modules\firebase-tools\lib\bin\firebase.js init
[debug] [2026-04-25T05:35:56.537Z] CLI Version:   15.15.0
[debug] [2026-04-25T05:35:56.537Z] Platform:      win32
[debug] [2026-04-25T05:35:56.537Z] Node Version:  v24.15.0
[debug] [2026-04-25T05:35:56.537Z] Time:          Sat Apr 25 2026 11:05:56 GMT+0530 (India Standard Time)
[debug] [2026-04-25T05:35:56.537Z] ----------------------------------------------------------------------
[debug] 
[info] 
     ######## #### ########  ######## ########     ###     ######  ########
     ##        ##  ##     ## ##       ##     ##  ##   ##  ##       ##
     ######    ##  ########  ######   ########  #########  ######  ######
     ##        ##  ##    ##  ##       ##     ## ##     ##       ## ##
     ##       #### ##     ## ######## ########  ##     ##  ######  ########

You're about to initialize a Firebase project in this directory:

  C:\Users\AGRAJIT\OneDrive\Desktop\SupplAI

[info] 
=== Project Setup
[info] 
[info] First, let's associate this project directory with a Firebase project.
[info] You can create multiple project aliases by running firebase use --add, 
[info] 
[info] i  If you want to create a project in a Google Cloud organization or folder, please use "firebase projects:create" instead, and return to this command when you've created the project. 
[debug] [2026-04-25T05:36:38.497Z] > command requires scopes: ["email","openid","https://www.googleapis.com/auth/cloudplatformprojects.readonly","https://www.googleapis.com/auth/firebase","https://www.googleapis.com/auth/cloud-platform"]
[debug] [2026-04-25T05:36:38.497Z] > authorizing via signed-in user (malakaragrajit06@gmail.com)
